Array
(
    [ID] => 128
    [SUCCESS] => 1
    [MESSAGE] => 241 - Свойство добавлено Новое значение добавлено - 128
)
Array
(
    [ID] => 129
    [SUCCESS] => 1
    [MESSAGE] => 242 - Свойство добавлено Новое значение добавлено - 129
)
Array
(
    [ID] => 130
    [SUCCESS] => 1
    [MESSAGE] => Новое значение добавлено - 130
)
Array
(
    [ID] => 131
    [SUCCESS] => 1
    [MESSAGE] => Новое значение добавлено - 131
)
Array
(
    [ID] => 132
    [SUCCESS] => 1
    [MESSAGE] => Новое значение добавлено - 132
)
Array
(
    [ID] => 133
    [SUCCESS] => 1
    [MESSAGE] => Новое значение добавлено - 133
)
Array
(
    [ID] => 132
    [SUCCESS] => 1
    [MESSAGE] => Новое значение не добавлено - S
)
Array
(
    [ID] => 133
    [SUCCESS] => 1
    [MESSAGE] => Новое значение не добавлено - M
)
